<?xml version="1.0" encoding="UTF-8"?>
<testsuite xmlns:xsi="http://www.w3.org/2001/XMLSchema-instance" xsi:noNamespaceSchemaLocation="https://maven.apache.org/surefire/maven-surefire-plugin/xsd/surefire-test-report-3.0.xsd" version="3.0" name="ru.yandex.practicum.calculators.SaleCalculatorTests" time="0.007" tests="6" errors="0" skipped="0" failures="0">
  <properties>
[...]
</properties>
  <testcase name="testSale0" classname="ru.yandex.practicum.calculators.SaleCalculatorTests" time="0.001"/>
  <testcase name="testSale10PriceMinus100" classname="ru.yandex.practicum.calculators.SaleCalculatorTests" time="0.001"/>
  <testcase name="testSale10Price100" classname="ru.yandex.practicum.calculators.SaleCalculatorTests" time="0.001"/>
  <testcase name="testSale10Price0" classname="ru.yandex.practicum.calculators.SaleCalculatorTests" time="0.001"/>
  <testcase name="testSale20Price10000" classname="ru.yandex.practicum.calculators.SaleCalculatorTests" time="0.001"/>
  <testcase name="testSale30Price10000" classname="ru.yandex.practicum.calculators.SaleCalculatorTests" time="0.0"/>
</testsuite>